DEBUG 2017-11-07 15:02:49,830: 	 Executing command: 'submit'
DEBUG 2017-11-07 15:02:49,831: 	 Found CRAB cache file /afs/cern.ch/user/j/jsalfeld/.crab3
DEBUG 2017-11-07 15:02:49,839: 	 Checking credentials
DEBUG 2017-11-07 15:02:49,840: 	 Found proxy file /tmp/x509up_u58490
DEBUG 2017-11-07 15:02:49,840: 	 Getting proxy life time left
DEBUG 2017-11-07 15:02:50,955: 	 Executing : 
 command : voms-proxy-info -file /tmp/x509up_u58490 -timeleft
 output : 42369

 error: 
 retcode : 0
DEBUG 2017-11-07 15:02:52,374: 	 Executing : 
 command : voms-proxy-info -file /tmp/x509up_u58490 -actimeleft
 output : 42367

 error: 
 retcode : 0
DEBUG 2017-11-07 15:02:52,374: 	 Proxy valid for 11:46:09 hours
INFO 2017-11-07 15:02:52,375: 	 Will use CRAB configuration file crabConfig.py
DEBUG 2017-11-07 15:02:52,375: 	 Loading CRAB configuration file.
DEBUG 2017-11-07 15:02:52,392: 	 Will use CRAB Analysis plugin (i.e. will run an analysis job type).
DEBUG 2017-11-07 15:02:52,534: 	 Executing : 
 command : openssl x509 -in ~/.globus/usercert.pem -subject -noout
 output : subject= /DC=ch/DC=cern/OU=Organic Units/OU=Users/CN=jsalfeld/CN=713347/CN=Jakob Salfeld-Nebgen

 error: 
 retcode : 0
DEBUG 2017-11-07 15:02:52,535: 	 Checking credentials
DEBUG 2017-11-07 15:02:52,535: 	 Found proxy file /tmp/x509up_u58490
DEBUG 2017-11-07 15:02:52,536: 	 Getting proxy life time left
DEBUG 2017-11-07 15:02:53,658: 	 Executing : 
 command : voms-proxy-info -file /tmp/x509up_u58490 -timeleft
 output : 42366

 error: 
 retcode : 0
DEBUG 2017-11-07 15:02:54,580: 	 Executing : 
 command : voms-proxy-info -file /tmp/x509up_u58490 -actimeleft
 output : 42365

 error: 
 retcode : 0
DEBUG 2017-11-07 15:02:54,580: 	 Proxy valid for 11:46:06 hours
DEBUG 2017-11-07 15:02:55,394: 	 Executing : 
 command : env X509_USER_PROXY=/tmp/x509up_u58490 voms-proxy-info -fqan
 output : /cms/Role=NULL/Capability=NULL

 error: 
 retcode : 0
DEBUG 2017-11-07 15:02:55,855: 	 Registering user credentials for server /DC=ch/DC=cern/OU=computers/CN=vocms(045|052|021|031|0118|0118a|0119|0108|0105|0109).cern.ch
DEBUG 2017-11-07 15:02:55,968: 	 Executing : 
 command : openssl x509 -in ~/.globus/usercert.pem -subject -noout
 output : subject= /DC=ch/DC=cern/OU=Organic Units/OU=Users/CN=jsalfeld/CN=713347/CN=Jakob Salfeld-Nebgen

 error: 
 retcode : 0
DEBUG 2017-11-07 15:02:55,968: 	 Getting myproxy life time left for myproxy.cern.ch
DEBUG 2017-11-07 15:02:55,969: 	 Calculating hash of /DC=ch/DC=cern/OU=Organic Units/OU=Users/CN=jsalfeld/CN=713347/CN=Jakob Salfeld-Nebgen_cmsweb.cern.ch for credential name
DEBUG 2017-11-07 15:02:56,475: 	 Executing : 
 command : myproxy-info -l 0bf80bf8a51215cb5bddd6a006d961b78547e4bf -s myproxy.cern.ch
 output : username: 0bf80bf8a51215cb5bddd6a006d961b78547e4bf
owner: /DC=ch/DC=cern/OU=Organic Units/OU=Users/CN=jsalfeld/CN=713347/CN=Jakob Salfeld-Nebgen
  renewal policy: /DC=ch/DC=cern/OU=computers/CN=vocms(045|052|021|031|0118|0118a|0119|0108|0105).cern.ch
  trusted retrieval policy: /DC=ch/DC=cern/OU=computers/CN=vocms(045|052|021|031|0118|0118a|0119|0108|0105).cern.ch
  timeleft: 0:00:00

 error: 
 retcode : 0
DEBUG 2017-11-07 15:02:56,476: 	 Myproxy is valid: 0
DEBUG 2017-11-07 15:02:56,579: 	 Executing : 
 command : openssl x509 -noout -in ~/.globus/usercert.pem -dates
 output : notBefore=Jun  8 19:36:23 2017 GMT
notAfter=Jul 13 19:36:23 2018 GMT

 error: 
 retcode : 0
DEBUG 2017-11-07 15:02:56,606: 	 Delegating a myproxy for 720:00 hours
DEBUG 2017-11-07 15:02:56,606: 	 Calculating hash of /DC=ch/DC=cern/OU=Organic Units/OU=Users/CN=jsalfeld/CN=713347/CN=Jakob Salfeld-Nebgen_cmsweb.cern.ch for credential name
DEBUG 2017-11-07 15:03:00,659: 	 Executing : 
 command : export GT_PROXY_MODE=rfc ; myproxy-init -d -n -s myproxy.cern.ch -x -R '/DC=ch/DC=cern/OU=computers/CN=vocms(045|052|021|031|0118|0118a|0119|0108|0105|0109).cern.ch' -x -Z '/DC=ch/DC=cern/OU=computers/CN=vocms(045|052|021|031|0118|0118a|0119|0108|0105|0109).cern.ch' -l '0bf80bf8a51215cb5bddd6a006d961b78547e4bf' -t 168:00 -c 720:00
 output : Your identity: /DC=ch/DC=cern/OU=Organic Units/OU=Users/CN=jsalfeld/CN=713347/CN=Jakob Salfeld-Nebgen
Creating proxy ................................................................... Done
Proxy Verify OK
Your proxy is valid until: Thu Dec  7 15:03:00 2017
A proxy valid for 720 hours (30.0 days) for user 0bf80bf8a51215cb5bddd6a006d961b78547e4bf now exists on myproxy.cern.ch.

 error: 
 retcode : 0
DEBUG 2017-11-07 15:03:00,660: 	 Calculating hash of /DC=ch/DC=cern/OU=Organic Units/OU=Users/CN=jsalfeld/CN=713347/CN=Jakob Salfeld-Nebgen_cmsweb.cern.ch for credential name
DEBUG 2017-11-07 15:03:00,981: 	 Executing : 
 command : myproxy-info -l 0bf80bf8a51215cb5bddd6a006d961b78547e4bf -s myproxy.cern.ch
 output : username: 0bf80bf8a51215cb5bddd6a006d961b78547e4bf
owner: /DC=ch/DC=cern/OU=Organic Units/OU=Users/CN=jsalfeld/CN=713347/CN=Jakob Salfeld-Nebgen
  renewal policy: /DC=ch/DC=cern/OU=computers/CN=vocms(045|052|021|031|0118|0118a|0119|0108|0105|0109).cern.ch
  trusted retrieval policy: /DC=ch/DC=cern/OU=computers/CN=vocms(045|052|021|031|0118|0118a|0119|0108|0105|0109).cern.ch
  timeleft: 720:00:00  (30.0 days)

 error: 
 retcode : 0
DEBUG 2017-11-07 15:03:00,981: 	 My-proxy delegated.
DEBUG 2017-11-07 15:03:00,981: 	 Command use: submit
DEBUG 2017-11-07 15:03:00,981: 	 Options use: []
DEBUG 2017-11-07 15:03:01,394: 	 CRABClient version: 3.3.1707.patch1
DEBUG 2017-11-07 15:03:01,394: 	 Instance is prod
DEBUG 2017-11-07 15:03:01,394: 	 Server base url is cmsweb.cern.ch
DEBUG 2017-11-07 15:03:01,394: 	 Command url /crabserver/prod/workflow
DEBUG 2017-11-07 15:03:01,394: 	 Started submission
DEBUG 2017-11-07 15:03:01,394: 	 Working on /afs/cern.ch/work/j/jsalfeld/MIT/CMSSW_9_2_1/src/ScoutingAnalysis/DimuonAnalysis/crab/ScoutingRunC/crab_20171107_150252
DEBUG 2017-11-07 15:03:01,929: 	 Loading required information from the environment
DEBUG 2017-11-07 15:03:01,929: 	 Found CMSSW_9_2_1 for slc6_amd64_gcc530 with base /afs/cern.ch/work/j/jsalfeld/MIT/CMSSW_9_2_1
DEBUG 2017-11-07 15:03:01,929: 	 Loading required information from the environment
DEBUG 2017-11-07 15:03:01,929: 	 Found CMSSW_9_2_1 for slc6_amd64_gcc530 with base /afs/cern.ch/work/j/jsalfeld/MIT/CMSSW_9_2_1
DEBUG 2017-11-07 15:03:01,962: 	 UNIQUE NAME: tarUUID 6f6dbe48-8823-470f-8a38-db14b856efa3 
DEBUG 2017-11-07 15:03:01,962: 	 self.config: from WMCore.Configuration import Configuration
config = Configuration()
config.section_('General')
config.section_('JobType')
config.JobType.psetName = '../../test/scout2017_cfg.py'
config.JobType.pluginName = 'Analysis'
config.JobType.pyCfgParams = []
config.section_('Data')
config.Data.inputDataset = '/ScoutingCaloMuon/Run2017C-v1/RAW/'
config.Data.unitsPerJob = 100
config.Data.splitting = 'LumiBased'
config.Data.lumiMask = '/afs/cern.ch/cms/CAF/CMSCOMM/COMM_DQM/certification/Collisions17/13TeV/PromptReco/Cert_294927-305364_13TeV_PromptReco_Collisions17_JSON_MuonPhys.txt'
config.section_('Site')
config.Site.storageSite = 'T2_CH_CERN'
config.section_('User')
config.section_('Debug')

DEBUG 2017-11-07 15:03:01,963: 	 self.config.JobType.psetName: ../../test/scout2017_cfg.py
INFO 2017-11-07 15:03:01,965: 	 Importing CMSSW configuration ../../test/scout2017_cfg.py
INFO 2017-11-07 15:03:17,106: 	 Finished importing CMSSW configuration ../../test/scout2017_cfg.py
DEBUG 2017-11-07 15:03:17,107: 	 Writing CMSSW configuration to /afs/cern.ch/work/j/jsalfeld/MIT/CMSSW_9_2_1/src/ScoutingAnalysis/DimuonAnalysis/crab/ScoutingRunC/crab_20171107_150252/inputs/PSet.py
DEBUG 2017-11-07 15:03:17,465: 	 The following EDM output files will be collected: []
DEBUG 2017-11-07 15:03:17,465: 	 The following TFile output files will be collected: ['scout.root']
DEBUG 2017-11-07 15:03:17,465: 	 The following user output files will be collected: []
DEBUG 2017-11-07 15:03:17,465: 	 Loading required information from the environment
DEBUG 2017-11-07 15:03:17,465: 	 Found CMSSW_9_2_1 for slc6_amd64_gcc530 with base /afs/cern.ch/work/j/jsalfeld/MIT/CMSSW_9_2_1
DEBUG 2017-11-07 15:03:17,465: 	 Making tarball in /afs/cern.ch/work/j/jsalfeld/MIT/CMSSW_9_2_1/src/ScoutingAnalysis/DimuonAnalysis/crab/ScoutingRunC/crab_20171107_150252/inputs/6f6dbe48-8823-470f-8a38-db14b856efa3default.tgz
DEBUG 2017-11-07 15:03:17,556: 	 Checking directory /afs/cern.ch/work/j/jsalfeld/MIT/CMSSW_9_2_1/lib
DEBUG 2017-11-07 15:03:17,556: 	 Adding directory /afs/cern.ch/work/j/jsalfeld/MIT/CMSSW_9_2_1/lib to tarball
DEBUG 2017-11-07 15:03:17,823: 	 Checking directory /afs/cern.ch/work/j/jsalfeld/MIT/CMSSW_9_2_1/biglib
DEBUG 2017-11-07 15:03:17,823: 	 Adding directory /afs/cern.ch/work/j/jsalfeld/MIT/CMSSW_9_2_1/biglib to tarball
DEBUG 2017-11-07 15:03:17,826: 	 Checking directory /afs/cern.ch/work/j/jsalfeld/MIT/CMSSW_9_2_1/module
DEBUG 2017-11-07 15:03:20,563: 	 Adding data directory /afs/cern.ch/work/j/jsalfeld/MIT/CMSSW_9_2_1/src/PhysicsTools/FWLite/interface to tarball
DEBUG 2017-11-07 15:03:21,144: 	 Uploading archive /afs/cern.ch/work/j/jsalfeld/MIT/CMSSW_9_2_1/src/ScoutingAnalysis/DimuonAnalysis/crab/ScoutingRunC/crab_20171107_150252/inputs/6f6dbe48-8823-470f-8a38-db14b856efa3default.tgz (375 KB) to the CRAB cache. Using URI https://cmsweb.cern.ch/crabcache
DEBUG 2017-11-07 15:03:21,664: 	 Loading required information from the environment
DEBUG 2017-11-07 15:03:21,665: 	 Found CMSSW_9_2_1 for slc6_amd64_gcc530 with base /afs/cern.ch/work/j/jsalfeld/MIT/CMSSW_9_2_1
DEBUG 2017-11-07 15:03:21,665: 	 Making tarball in /afs/cern.ch/work/j/jsalfeld/MIT/CMSSW_9_2_1/src/ScoutingAnalysis/DimuonAnalysis/crab/ScoutingRunC/crab_20171107_150252/inputs/debugFiles.tgz
DEBUG 2017-11-07 15:03:21,670: 	 Uploading archive /afs/cern.ch/work/j/jsalfeld/MIT/CMSSW_9_2_1/src/ScoutingAnalysis/DimuonAnalysis/crab/ScoutingRunC/crab_20171107_150252/inputs/debugFiles.tgz (2 KB) to the CRAB cache. Using URI https://cmsweb.cern.ch/crabcache
DEBUG 2017-11-07 15:03:22,187: 	 Result uploading input files: 7de17f4154402449be38f4d6d57e550cb6a28acdc9e519f75a6b896758339754.tar.gz 
DEBUG 2017-11-07 15:03:22,187: 	 Attaching lumi mask /afs/cern.ch/cms/CAF/CMSCOMM/COMM_DQM/certification/Collisions17/13TeV/PromptReco/Cert_294927-305364_13TeV_PromptReco_Collisions17_JSON_MuonPhys.txt to the request
DEBUG 2017-11-07 15:03:22,188: 	 Reading lumi-mask from /afs/cern.ch/cms/CAF/CMSCOMM/COMM_DQM/certification/Collisions17/13TeV/PromptReco/Cert_294927-305364_13TeV_PromptReco_Collisions17_JSON_MuonPhys.txt
WARNING 2017-11-07 15:03:22,276: 	 Warning: The following output files will not be published, as they are not EDM files: ['scout.root']
INFO 2017-11-07 15:03:22,276: 	 Sending the request to the server
DEBUG 2017-11-07 15:03:22,277: 	 Submitting {'maxjobruntime': 1250, 'extrajdl': [], 'ignorelocality': 0, 'savelogsflag': 0, 'useparent': 0, 'asyncdest': 'T2_CH_CERN', 'algoargs': 100, 'cachefilename': '7de17f4154402449be38f4d6d57e550cb6a28acdc9e519f75a6b896758339754.tar.gz', 'numcores': 1, 'addoutputfiles': [], 'generator': 'pythia', 'maxmemory': 2000, 'publishdbsurl': 'https://cmsweb.cern.ch/dbs/prod/phys03/DBSWriter', 'priority': 10, 'jobsw': 'CMSSW_9_2_1', 'edmoutfiles': [], 'userfiles': [], 'primarydataset': '', 'inputdata': '/ScoutingCaloMuon/Run2017C-v1/RAW/', 'dryrun': 0, 'workflow': 'crab_20171107_150252', 'cacheurl': u'https://cmsweb.cern.ch/crabcache', 'runs': [u'297050', u'297056', u'297057', u'297099', u'297100', u'297101', u'297113', u'297114', u'297175', u'297176', u'297178', u'297215', u'297218', u'297219', u'297224', u'297225', u'297227', u'297292', u'297293', u'297296', u'297308', u'297359', u'297411', u'297424', u'297425', u'297426', u'297429', u'297430', u'297431', u'297432', u'297433', u'297434', u'297435', u'297467', u'297468', u'297469', u'297474', u'297483', u'297484', u'297485', u'297486', u'297487', u'297488', u'297503', u'297504', u'297505', u'297557', u'297558', u'297562', u'297563', u'297599', u'297603', u'297604', u'297605', u'297606', u'297620', u'297656', u'297665', u'297666', u'297670', u'297674', u'297675', u'297678', u'297722', u'297723', u'298996', u'298997', u'299000', u'299042', u'299061', u'299062', u'299064', u'299065', u'299067', u'299096', u'299149', u'299178', u'299180', u'299184', u'299185', u'299327', u'299329', u'299368', u'299369', u'299370', u'299380', u'299381', u'299394', u'299395', u'299396', u'299420', u'299443', u'299450', u'299477', u'299478', u'299479', u'299480', u'299481', u'299592', u'299593', u'299594', u'299595', u'299597', u'299649', u'300087', u'300105', u'300106', u'300107', u'300117', u'300122', u'300123', u'300155', u'300156', u'300157', u'300226', u'300233', u'300234', u'300235', u'300236', u'300237', u'300238', u'300239', u'300240', u'300280', u'300281', u'300282', u'300283', u'300284', u'300364', u'300365', u'300366', u'300367', u'300368', u'300369', u'300370', u'300371', u'300372', u'300373', u'300374', u'300375', u'300389', u'300390', u'300391', u'300392', u'300393', u'300394', u'300395', u'300396', u'300397', u'300398', u'300399', u'300400', u'300401', u'300459', u'300461', u'300462', u'300463', u'300464', u'300466', u'300467', u'300497', u'300514', u'300515', u'300516', u'300517', u'300558', u'300560', u'300574', u'300575', u'300576', u'300631', u'300632', u'300633', u'300635', u'300636', u'300674', u'300675', u'300676', u'300742', u'300777', u'300780', u'300785', u'300806', u'300811', u'300812', u'300816', u'300817', u'301046', u'301086', u'301142', u'301161', u'301165', u'301179', u'301180', u'301183', u'301281', u'301283', u'301298', u'301323', u'301330', u'301359', u'301383', u'301384', u'301391', u'301392', u'301393', u'301396', u'301397', u'301398', u'301399', u'301417', u'301447', u'301448', u'301449', u'301450', u'301461', u'301472', u'301475', u'301476', u'301480', u'301519', u'301524', u'301525', u'301528', u'301529', u'301530', u'301531', u'301532', u'301567', u'301627', u'301664', u'301665', u'301694', u'301912', u'301913', u'301914', u'301941', u'301959', u'301960', u'301970', u'301984', u'301985', u'301986', u'301987', u'301997', u'301998', u'302019', u'302026', u'302029', u'302031', u'302033', u'302034', u'302036', u'302037', u'302038', u'302040', u'302041', u'302042', u'302043', u'302131', u'302159', u'302163', u'302165', u'302166', u'302225', u'302228', u'302229', u'302240', u'302262', u'302263', u'302277', u'302279', u'302280', u'302322', u'302328', u'302337', u'302342', u'302343', u'302344', u'302350', u'302388', u'302392', u'302393', u'302448', u'302472', u'302473', u'302474', u'302475', u'302476', u'302479', u'302484', u'302485', u'302492', u'302493', u'302494', u'302509', u'302513', u'302522', u'302523', u'302525', u'302526', u'302548', u'302551', u'302553', u'302554', u'302555', u'302563', u'302565', u'302566', u'302572', u'302573', u'302596', u'302597', u'302634', u'302635', u'302651', u'302654', u'302661', u'302663', u'303824', u'303825', u'303832', u'303838', u'303885', u'303948', u'303998', u'303999', u'304000', u'304062', u'304120', u'304125', u'304144', u'304158', u'304169', u'304170', u'304199', u'304200', u'304204', u'304209', u'304291', u'304292', u'304333', u'304354', u'304366', u'304446', u'304447', u'304451', u'304505', u'304506', u'304507', u'304508', u'304562', u'304616', u'304625', u'304626', u'304654', u'304655', u'304661', u'304662', u'304663', u'304671', u'304672', u'304737', u'304738', u'304739', u'304740', u'304776', u'304777', u'304778', u'304797', u'305044', u'305045', u'305046', u'305059', u'305062', u'305063', u'305064', u'305081', u'305112', u'305113', u'305114', u'305178', u'305179', u'305180', u'305181', u'305182', u'305183', u'305184', u'305185', u'305186', u'305188', u'305202', u'305204', u'305207', u'305208', u'305234', u'305236', u'305237', u'305247', u'305248', u'305252', u'305282', u'305310', u'305311', u'305312', u'305313', u'305314', u'305336', u'305338', u'305349', u'305350', u'305364'], 'lumis': ['1,776', '12,203', '1,906', '40,62', '1,381', '1,1101', '1,15,27,204,210,252', '1,100,106,161', '1,85', '1,214', '1,1385', '1,47', '1,27', '1,2638', '1,138', '1,32', '1,192', '1,753', '1,150', '1,497', '8,44', '51,180', '32,950', '32,149', '1,157', '1,111', '1,72', '1,200', '1,188', '1,125', '1,159', '1,161', '1,94', '27,138', '1,74', '1,70', '54,59', '37,214', '1,214', '1,420', '1,625', '1,613', '1,424', '1,779', '1,42,124,136', '1,394', '8,394', '1,266', '1,369', '1,264', '1,407', '1,420', '1,407', '1,407', '1,231', '32,318', '36,433', '1,279', '1,121', '1,34', '1,188', '1,467,470,471', '1,1', '29,353', '1,222', '33,216', '1,47', '1,77', '33,55', '38,355', '1,303', '1,85', '1,248,251,342', '1,459', '1,97', '29,470', '37,56,58,111', '1,98', '1,561', '1,120', '1,72', '1,172', '37,175', '1,303', '1,705', '32,227', '1,45', '1,33', '1,187', '1,81', '1,50', '43,164', '39,88', '34,42,82,87', '1,175', '1,123', '1,715', '1,479,487,940,943,1037,1061,1257', '33,136', '1,177,179,896', '1,317', '1,134,138,138', '1,540', '38,332', '36,239', '1,21', '1,74', '1,47', '35,67', '44,730,735,924,927,1295', '1,384,387,612', '35,1229', '1,72', '1,1107', '43,448', '43,162', '1,59', '1,187', '1,187', '1,713,716,717', '1,58,62,329', '1,145,148,167,171,213', '1,7,11,362', '52,56,61,69,73,150,155,165,178,198,207,222,226,251,255,268,275,345,349,370,381,548,553,607,617,639,663,691', '3,8', '1,9,13,59,73,92,97,114,142,151,156,186', '1,34', '1,22,38,47,50,82,90,98,108,130,133,152,156,250,260,414,420,561,568,585,590,680,691,751', '24,46', '1,20', '1,21', '1,20', '1,20', '1,20', '1,20', '1,20', '1,8', '1,21', '1,21', '1,93', '1,1,4,5,8,8,11,20,23,39,60,149', '1,21', '1,21', '1,21', '1,20', '1,21', '1,20', '1,20', '1,20', '1,20', '1,20', '1,677', '1,673', '40,332', '1,98', '1,97', '1,124', '1,265', '1,650', '1,563', '26,175', '38,150', '1,1013', '1,111', '1,623', '1,548', '1,844', '14,111', '1,82', '1,1206', '41,49,63,66,75,226', '1,21', '1,447', '1,176', '1,1572', '1,33', '1,33', '1,26', '42,343', '21,509', '1,341', '1,750,752,1272', '33,214', '1,508', '1,59', '1,161', '1,493', '153,223', '33,82,314,331', '1,897', '35,805', '1,145', '35,59', '1,97', '1,10,13,303', '38,157', '1,886', '30,949', '35,990', '22,353', '33,319', '30,36', '1,476', '38,214', '1,627', '1,33', '1,33', '1,728', '1,9', '1,108', '36,367', '86,96,99,512', '1,329', '1,404', '1,173', '28,581', '35,844', '1,18', '1,857', '1,166', '42,250', '1,268', '1,59', '1,20', '1,49', '1,110', '1,394', '1,611', '14,372', '57,943', '28,445', '1,294,319,487', '36,102', '42,52,101,422', '1,58', '1,350', '31,568', '30,1938', '1,147', '1,123', '17,317', '1,367', '1,381', '1,1128', '37,407', '1,1704', '34,86', '24,53,66,72', '1,98', '1,818', '1,46', '1,20', '1,34', '1,20', '1,10', '1,174', '1,72', '1,523', '1,228', '71,943', '33,140', '32,1230', '1,85', '1,16', '48,133,136,923', '53,78,81,293', '1,457', '1,960', '37,471', '1,1250', '15,391', '1,71', '1,152', '33,870', '42,722', '27,162', '1,72', '1,98', '1,522', '1,136', '27,717', '45,407', '1,887', '21,1926', '28,808', '1,406', '1,305', '1,7', '1,259', '30,340', '8,176', '1,922', '1,21,23,59', '1,7', '1,618', '73,92', '37,89', '29,46', '1,59', '1,677,747,778', '1,582', '40,124', '1,7', '1,188', '1,7', '1,11', '40,46', '1,7', '1,71', '1,291', '1,1285', '47,986', '1,1054', '37,73,75,123,125,131,133,165,168,175,177,216,218,358,361,375,378,404,407,423,425,503,505,578,581,594,596,638', '1,22,24,28,30,39,41,53,55,132,134,144,146,265,267,271,274,344,347,357,359,375,378,384,386,414,416,494,497,608,611,634,637,684,687,706,708,724,726,901,904,954,957,982,984,1072,1075,1124,1126,1129,1132,1206,1209,1234,1236,1291', '1,149', '1,317', '1,72', '1,706', '54,172,401,768', '1,180', '54,1913', '54,54,83,2044', '60,2052', '55,130,133,176,178,282,285,318,321,388,391,456,459,462,466,558,561,561,563,564,569,1678', '58,319', '1,751', '1,56', '54,2014', '1,253', '1,1769', '86,1501,1522,1542,1544,1551,1553,2596,2598,2656', '165,1750,1752,2087', '50,1733', '1,620', '10,18', '1,321', '55,607', '52,477', '56,85', '1,363,382,525,528,1779,1781,1811', '74,1653', '82,295', '44,1387,1390,1396,1399,1402,1404,1407,1409,1412,1414,1416,1419,1421,1424,1873', '40,111', '1,1644', '1,60', '60,86', '1,370', '1,239', '1,1324', '52,56,60,848', '52,223,227,740,747,1002', '73,536', '1,8', '53,704', '1,1194', '53,240', '1,150', '1,689', '51,1193', '1,60', '69,149', '1,1681', '3,16', '1,278', '49,98', '1,510', '4,1300', '28,1202,1205,2950', '3,203,302,306,309,310,313,313,318,330', '1,873', '1,667,671,686', '63,518,520,575', '1,8', '1,35', '1,2045', '52,1107', '68,1527', '9,72', '1,526', '69,124', '1,21', '1,9', '1,8', '1,8', '1,266', '1,8', '1,8', '1,422', '1,1002', '74,132,136,729', '1,1229', '52,1077', '1,372', '52,99', '1,23', '1,1147', '57,433', '1,957', '1,548', '75,207', '60,458', '1,153', '1,227', '1,741', '1,404', '36,241', '1,107', '1,34', '1,21', '50,147'], 'nonprodsw': 0, 'tfileoutfiles': ['scout.root'], 'oneEventMode': 0, 'debugfilename': 'bc63759a0afb3f580f16d1f638deaaf9e45f506074b7c57445ef9ed8dacd3ace.tar.gz', 'saveoutput': 1, 'publication': 1, 'jobarch': 'slc6_amd64_gcc530', 'totalunits': 0, 'splitalgo': 'LumiBased', 'ignoreglobalblacklist': 0, 'nonvaliddata': 0, 'dbsurl': 'https://cmsweb.cern.ch/dbs/prod/global/DBSReader', 'publishgroupname': 0, 'jobtype': 'Analysis', 'publishname2': ''} 
DEBUG 2017-11-07 15:03:22,286: 	 Encoded submit request: maxjobruntime=1250&ignorelocality=0&savelogsflag=0&useparent=0&asyncdest=T2_CH_CERN&algoargs=100&cachefilename=7de17f4154402449be38f4d6d57e550cb6a28acdc9e519f75a6b896758339754.tar.gz&numcores=1&generator=pythia&maxmemory=2000&publishdbsurl=https%3A%2F%2Fcmsweb.cern.ch%2Fdbs%2Fprod%2Fphys03%2FDBSWriter&priority=10&jobsw=CMSSW_9_2_1&primarydataset=&inputdata=%2FScoutingCaloMuon%2FRun2017C-v1%2FRAW%2F&dryrun=0&workflow=crab_20171107_150252&cacheurl=https%3A%2F%2Fcmsweb.cern.ch%2Fcrabcache&nonprodsw=0&oneEventMode=0&debugfilename=bc63759a0afb3f580f16d1f638deaaf9e45f506074b7c57445ef9ed8dacd3ace.tar.gz&saveoutput=1&publication=1&jobarch=slc6_amd64_gcc530&totalunits=0&splitalgo=LumiBased&ignoreglobalblacklist=0&nonvaliddata=0&dbsurl=https%3A%2F%2Fcmsweb.cern.ch%2Fdbs%2Fprod%2Fglobal%2FDBSReader&publishgroupname=0&jobtype=Analysis&publishname2=&tfileoutfiles=scout.root&runs=297050&runs=297056&runs=297057&runs=297099&runs=297100&runs=297101&runs=297113&runs=297114&runs=297175&runs=297176&runs=297178&runs=297215&runs=297218&runs=297219&runs=297224&runs=297225&runs=297227&runs=297292&runs=297293&runs=297296&runs=297308&runs=297359&runs=297411&runs=297424&runs=297425&runs=297426&runs=297429&runs=297430&runs=297431&runs=297432&runs=297433&runs=297434&runs=297435&runs=297467&runs=297468&runs=297469&runs=297474&runs=297483&runs=297484&runs=297485&runs=297486&runs=297487&runs=297488&runs=297503&runs=297504&runs=297505&runs=297557&runs=297558&runs=297562&runs=297563&runs=297599&runs=297603&runs=297604&runs=297605&runs=297606&runs=297620&runs=297656&runs=297665&runs=297666&runs=297670&runs=297674&runs=297675&runs=297678&runs=297722&runs=297723&runs=298996&runs=298997&runs=299000&runs=299042&runs=299061&runs=299062&runs=299064&runs=299065&runs=299067&runs=299096&runs=299149&runs=299178&runs=299180&runs=299184&runs=299185&runs=299327&runs=299329&runs=299368&runs=299369&runs=299370&runs=299380&runs=299381&runs=299394&runs=299395&runs=299396&runs=299420&runs=299443&runs=299450&runs=299477&runs=299478&runs=299479&runs=299480&runs=299481&runs=299592&runs=299593&runs=299594&runs=299595&runs=299597&runs=299649&runs=300087&runs=300105&runs=300106&runs=300107&runs=300117&runs=300122&runs=300123&runs=300155&runs=300156&runs=300157&runs=300226&runs=300233&runs=300234&runs=300235&runs=300236&runs=300237&runs=300238&runs=300239&runs=300240&runs=300280&runs=300281&runs=300282&runs=300283&runs=300284&runs=300364&runs=300365&runs=300366&runs=300367&runs=300368&runs=300369&runs=300370&runs=300371&runs=300372&runs=300373&runs=300374&runs=300375&runs=300389&runs=300390&runs=300391&runs=300392&runs=300393&runs=300394&runs=300395&runs=300396&runs=300397&runs=300398&runs=300399&runs=300400&runs=300401&runs=300459&runs=300461&runs=300462&runs=300463&runs=300464&runs=300466&runs=300467&runs=300497&runs=300514&runs=300515&runs=300516&runs=300517&runs=300558&runs=300560&runs=300574&runs=300575&runs=300576&runs=300631&runs=300632&runs=300633&runs=300635&runs=300636&runs=300674&runs=300675&runs=300676&runs=300742&runs=300777&runs=300780&runs=300785&runs=300806&runs=300811&runs=300812&runs=300816&runs=300817&runs=301046&runs=301086&runs=301142&runs=301161&runs=301165&runs=301179&runs=301180&runs=301183&runs=301281&runs=301283&runs=301298&runs=301323&runs=301330&runs=301359&runs=301383&runs=301384&runs=301391&runs=301392&runs=301393&runs=301396&runs=301397&runs=301398&runs=301399&runs=301417&runs=301447&runs=301448&runs=301449&runs=301450&runs=301461&runs=301472&runs=301475&runs=301476&runs=301480&runs=301519&runs=301524&runs=301525&runs=301528&runs=301529&runs=301530&runs=301531&runs=301532&runs=301567&runs=301627&runs=301664&runs=301665&runs=301694&runs=301912&runs=301913&runs=301914&runs=301941&runs=301959&runs=301960&runs=301970&runs=301984&runs=301985&runs=301986&runs=301987&runs=301997&runs=301998&runs=302019&runs=302026&runs=302029&runs=302031&runs=302033&runs=302034&runs=302036&runs=302037&runs=302038&runs=302040&runs=302041&runs=302042&runs=302043&runs=302131&runs=302159&runs=302163&runs=302165&runs=302166&runs=302225&runs=302228&runs=302229&runs=302240&runs=302262&runs=302263&runs=302277&runs=302279&runs=302280&runs=302322&runs=302328&runs=302337&runs=302342&runs=302343&runs=302344&runs=302350&runs=302388&runs=302392&runs=302393&runs=302448&runs=302472&runs=302473&runs=302474&runs=302475&runs=302476&runs=302479&runs=302484&runs=302485&runs=302492&runs=302493&runs=302494&runs=302509&runs=302513&runs=302522&runs=302523&runs=302525&runs=302526&runs=302548&runs=302551&runs=302553&runs=302554&runs=302555&runs=302563&runs=302565&runs=302566&runs=302572&runs=302573&runs=302596&runs=302597&runs=302634&runs=302635&runs=302651&runs=302654&runs=302661&runs=302663&runs=303824&runs=303825&runs=303832&runs=303838&runs=303885&runs=303948&runs=303998&runs=303999&runs=304000&runs=304062&runs=304120&runs=304125&runs=304144&runs=304158&runs=304169&runs=304170&runs=304199&runs=304200&runs=304204&runs=304209&runs=304291&runs=304292&runs=304333&runs=304354&runs=304366&runs=304446&runs=304447&runs=304451&runs=304505&runs=304506&runs=304507&runs=304508&runs=304562&runs=304616&runs=304625&runs=304626&runs=304654&runs=304655&runs=304661&runs=304662&runs=304663&runs=304671&runs=304672&runs=304737&runs=304738&runs=304739&runs=304740&runs=304776&runs=304777&runs=304778&runs=304797&runs=305044&runs=305045&runs=305046&runs=305059&runs=305062&runs=305063&runs=305064&runs=305081&runs=305112&runs=305113&runs=305114&runs=305178&runs=305179&runs=305180&runs=305181&runs=305182&runs=305183&runs=305184&runs=305185&runs=305186&runs=305188&runs=305202&runs=305204&runs=305207&runs=305208&runs=305234&runs=305236&runs=305237&runs=305247&runs=305248&runs=305252&runs=305282&runs=305310&runs=305311&runs=305312&runs=305313&runs=305314&runs=305336&runs=305338&runs=305349&runs=305350&runs=305364&lumis=1%2C776&lumis=12%2C203&lumis=1%2C906&lumis=40%2C62&lumis=1%2C381&lumis=1%2C1101&lumis=1%2C15%2C27%2C204%2C210%2C252&lumis=1%2C100%2C106%2C161&lumis=1%2C85&lumis=1%2C214&lumis=1%2C1385&lumis=1%2C47&lumis=1%2C27&lumis=1%2C2638&lumis=1%2C138&lumis=1%2C32&lumis=1%2C192&lumis=1%2C753&lumis=1%2C150&lumis=1%2C497&lumis=8%2C44&lumis=51%2C180&lumis=32%2C950&lumis=32%2C149&lumis=1%2C157&lumis=1%2C111&lumis=1%2C72&lumis=1%2C200&lumis=1%2C188&lumis=1%2C125&lumis=1%2C159&lumis=1%2C161&lumis=1%2C94&lumis=27%2C138&lumis=1%2C74&lumis=1%2C70&lumis=54%2C59&lumis=37%2C214&lumis=1%2C214&lumis=1%2C420&lumis=1%2C625&lumis=1%2C613&lumis=1%2C424&lumis=1%2C779&lumis=1%2C42%2C124%2C136&lumis=1%2C394&lumis=8%2C394&lumis=1%2C266&lumis=1%2C369&lumis=1%2C264&lumis=1%2C407&lumis=1%2C420&lumis=1%2C407&lumis=1%2C407&lumis=1%2C231&lumis=32%2C318&lumis=36%2C433&lumis=1%2C279&lumis=1%2C121&lumis=1%2C34&lumis=1%2C188&lumis=1%2C467%2C470%2C471&lumis=1%2C1&lumis=29%2C353&lumis=1%2C222&lumis=33%2C216&lumis=1%2C47&lumis=1%2C77&lumis=33%2C55&lumis=38%2C355&lumis=1%2C303&lumis=1%2C85&lumis=1%2C248%2C251%2C342&lumis=1%2C459&lumis=1%2C97&lumis=29%2C470&lumis=37%2C56%2C58%2C111&lumis=1%2C98&lumis=1%2C561&lumis=1%2C120&lumis=1%2C72&lumis=1%2C172&lumis=37%2C175&lumis=1%2C303&lumis=1%2C705&lumis=32%2C227&lumis=1%2C45&lumis=1%2C33&lumis=1%2C187&lumis=1%2C81&lumis=1%2C50&lumis=43%2C164&lumis=39%2C88&lumis=34%2C42%2C82%2C87&lumis=1%2C175&lumis=1%2C123&lumis=1%2C715&lumis=1%2C479%2C487%2C940%2C943%2C1037%2C1061%2C1257&lumis=33%2C136&lumis=1%2C177%2C179%2C896&lumis=1%2C317&lumis=1%2C134%2C138%2C138&lumis=1%2C540&lumis=38%2C332&lumis=36%2C239&lumis=1%2C21&lumis=1%2C74&lumis=1%2C47&lumis=35%2C67&lumis=44%2C730%2C735%2C924%2C927%2C1295&lumis=1%2C384%2C387%2C612&lumis=35%2C1229&lumis=1%2C72&lumis=1%2C1107&lumis=43%2C448&lumis=43%2C162&lumis=1%2C59&lumis=1%2C187&lumis=1%2C187&lumis=1%2C713%2C716%2C717&lumis=1%2C58%2C62%2C329&lumis=1%2C145%2C148%2C167%2C171%2C213&lumis=1%2C7%2C11%2C362&lumis=52%2C56%2C61%2C69%2C73%2C150%2C155%2C165%2C178%2C198%2C207%2C222%2C226%2C251%2C255%2C268%2C275%2C345%2C349%2C370%2C381%2C548%2C553%2C607%2C617%2C639%2C663%2C691&lumis=3%2C8&lumis=1%2C9%2C13%2C59%2C73%2C92%2C97%2C114%2C142%2C151%2C156%2C186&lumis=1%2C34&lumis=1%2C22%2C38%2C47%2C50%2C82%2C90%2C98%2C108%2C130%2C133%2C152%2C156%2C250%2C260%2C414%2C420%2C561%2C568%2C585%2C590%2C680%2C691%2C751&lumis=24%2C46&lumis=1%2C20&lumis=1%2C21&lumis=1%2C20&lumis=1%2C20&lumis=1%2C20&lumis=1%2C20&lumis=1%2C20&lumis=1%2C8&lumis=1%2C21&lumis=1%2C21&lumis=1%2C93&lumis=1%2C1%2C4%2C5%2C8%2C8%2C11%2C20%2C23%2C39%2C60%2C149&lumis=1%2C21&lumis=1%2C21&lumis=1%2C21&lumis=1%2C20&lumis=1%2C21&lumis=1%2C20&lumis=1%2C20&lumis=1%2C20&lumis=1%2C20&lumis=1%2C20&lumis=1%2C677&lumis=1%2C673&lumis=40%2C332&lumis=1%2C98&lumis=1%2C97&lumis=1%2C124&lumis=1%2C265&lumis=1%2C650&lumis=1%2C563&lumis=26%2C175&lumis=38%2C150&lumis=1%2C1013&lumis=1%2C111&lumis=1%2C623&lumis=1%2C548&lumis=1%2C844&lumis=14%2C111&lumis=1%2C82&lumis=1%2C1206&lumis=41%2C49%2C63%2C66%2C75%2C226&lumis=1%2C21&lumis=1%2C447&lumis=1%2C176&lumis=1%2C1572&lumis=1%2C33&lumis=1%2C33&lumis=1%2C26&lumis=42%2C343&lumis=21%2C509&lumis=1%2C341&lumis=1%2C750%2C752%2C1272&lumis=33%2C214&lumis=1%2C508&lumis=1%2C59&lumis=1%2C161&lumis=1%2C493&lumis=153%2C223&lumis=33%2C82%2C314%2C331&lumis=1%2C897&lumis=35%2C805&lumis=1%2C145&lumis=35%2C59&lumis=1%2C97&lumis=1%2C10%2C13%2C303&lumis=38%2C157&lumis=1%2C886&lumis=30%2C949&lumis=35%2C990&lumis=22%2C353&lumis=33%2C319&lumis=30%2C36&lumis=1%2C476&lumis=38%2C214&lumis=1%2C627&lumis=1%2C33&lumis=1%2C33&lumis=1%2C728&lumis=1%2C9&lumis=1%2C108&lumis=36%2C367&lumis=86%2C96%2C99%2C512&lumis=1%2C329&lumis=1%2C404&lumis=1%2C173&lumis=28%2C581&lumis=35%2C844&lumis=1%2C18&lumis=1%2C857&lumis=1%2C166&lumis=42%2C250&lumis=1%2C268&lumis=1%2C59&lumis=1%2C20&lumis=1%2C49&lumis=1%2C110&lumis=1%2C394&lumis=1%2C611&lumis=14%2C372&lumis=57%2C943&lumis=28%2C445&lumis=1%2C294%2C319%2C487&lumis=36%2C102&lumis=42%2C52%2C101%2C422&lumis=1%2C58&lumis=1%2C350&lumis=31%2C568&lumis=30%2C1938&lumis=1%2C147&lumis=1%2C123&lumis=17%2C317&lumis=1%2C367&lumis=1%2C381&lumis=1%2C1128&lumis=37%2C407&lumis=1%2C1704&lumis=34%2C86&lumis=24%2C53%2C66%2C72&lumis=1%2C98&lumis=1%2C818&lumis=1%2C46&lumis=1%2C20&lumis=1%2C34&lumis=1%2C20&lumis=1%2C10&lumis=1%2C174&lumis=1%2C72&lumis=1%2C523&lumis=1%2C228&lumis=71%2C943&lumis=33%2C140&lumis=32%2C1230&lumis=1%2C85&lumis=1%2C16&lumis=48%2C133%2C136%2C923&lumis=53%2C78%2C81%2C293&lumis=1%2C457&lumis=1%2C960&lumis=37%2C471&lumis=1%2C1250&lumis=15%2C391&lumis=1%2C71&lumis=1%2C152&lumis=33%2C870&lumis=42%2C722&lumis=27%2C162&lumis=1%2C72&lumis=1%2C98&lumis=1%2C522&lumis=1%2C136&lumis=27%2C717&lumis=45%2C407&lumis=1%2C887&lumis=21%2C1926&lumis=28%2C808&lumis=1%2C406&lumis=1%2C305&lumis=1%2C7&lumis=1%2C259&lumis=30%2C340&lumis=8%2C176&lumis=1%2C922&lumis=1%2C21%2C23%2C59&lumis=1%2C7&lumis=1%2C618&lumis=73%2C92&lumis=37%2C89&lumis=29%2C46&lumis=1%2C59&lumis=1%2C677%2C747%2C778&lumis=1%2C582&lumis=40%2C124&lumis=1%2C7&lumis=1%2C188&lumis=1%2C7&lumis=1%2C11&lumis=40%2C46&lumis=1%2C7&lumis=1%2C71&lumis=1%2C291&lumis=1%2C1285&lumis=47%2C986&lumis=1%2C1054&lumis=37%2C73%2C75%2C123%2C125%2C131%2C133%2C165%2C168%2C175%2C177%2C216%2C218%2C358%2C361%2C375%2C378%2C404%2C407%2C423%2C425%2C503%2C505%2C578%2C581%2C594%2C596%2C638&lumis=1%2C22%2C24%2C28%2C30%2C39%2C41%2C53%2C55%2C132%2C134%2C144%2C146%2C265%2C267%2C271%2C274%2C344%2C347%2C357%2C359%2C375%2C378%2C384%2C386%2C414%2C416%2C494%2C497%2C608%2C611%2C634%2C637%2C684%2C687%2C706%2C708%2C724%2C726%2C901%2C904%2C954%2C957%2C982%2C984%2C1072%2C1075%2C1124%2C1126%2C1129%2C1132%2C1206%2C1209%2C1234%2C1236%2C1291&lumis=1%2C149&lumis=1%2C317&lumis=1%2C72&lumis=1%2C706&lumis=54%2C172%2C401%2C768&lumis=1%2C180&lumis=54%2C1913&lumis=54%2C54%2C83%2C2044&lumis=60%2C2052&lumis=55%2C130%2C133%2C176%2C178%2C282%2C285%2C318%2C321%2C388%2C391%2C456%2C459%2C462%2C466%2C558%2C561%2C561%2C563%2C564%2C569%2C1678&lumis=58%2C319&lumis=1%2C751&lumis=1%2C56&lumis=54%2C2014&lumis=1%2C253&lumis=1%2C1769&lumis=86%2C1501%2C1522%2C1542%2C1544%2C1551%2C1553%2C2596%2C2598%2C2656&lumis=165%2C1750%2C1752%2C2087&lumis=50%2C1733&lumis=1%2C620&lumis=10%2C18&lumis=1%2C321&lumis=55%2C607&lumis=52%2C477&lumis=56%2C85&lumis=1%2C363%2C382%2C525%2C528%2C1779%2C1781%2C1811&lumis=74%2C1653&lumis=82%2C295&lumis=44%2C1387%2C1390%2C1396%2C1399%2C1402%2C1404%2C1407%2C1409%2C1412%2C1414%2C1416%2C1419%2C1421%2C1424%2C1873&lumis=40%2C111&lumis=1%2C1644&lumis=1%2C60&lumis=60%2C86&lumis=1%2C370&lumis=1%2C239&lumis=1%2C1324&lumis=52%2C56%2C60%2C848&lumis=52%2C223%2C227%2C740%2C747%2C1002&lumis=73%2C536&lumis=1%2C8&lumis=53%2C704&lumis=1%2C1194&lumis=53%2C240&lumis=1%2C150&lumis=1%2C689&lumis=51%2C1193&lumis=1%2C60&lumis=69%2C149&lumis=1%2C1681&lumis=3%2C16&lumis=1%2C278&lumis=49%2C98&lumis=1%2C510&lumis=4%2C1300&lumis=28%2C1202%2C1205%2C2950&lumis=3%2C203%2C302%2C306%2C309%2C310%2C313%2C313%2C318%2C330&lumis=1%2C873&lumis=1%2C667%2C671%2C686&lumis=63%2C518%2C520%2C575&lumis=1%2C8&lumis=1%2C35&lumis=1%2C2045&lumis=52%2C1107&lumis=68%2C1527&lumis=9%2C72&lumis=1%2C526&lumis=69%2C124&lumis=1%2C21&lumis=1%2C9&lumis=1%2C8&lumis=1%2C8&lumis=1%2C266&lumis=1%2C8&lumis=1%2C8&lumis=1%2C422&lumis=1%2C1002&lumis=74%2C132%2C136%2C729&lumis=1%2C1229&lumis=52%2C1077&lumis=1%2C372&lumis=52%2C99&lumis=1%2C23&lumis=1%2C1147&lumis=57%2C433&lumis=1%2C957&lumis=1%2C548&lumis=75%2C207&lumis=60%2C458&lumis=1%2C153&lumis=1%2C227&lumis=1%2C741&lumis=1%2C404&lumis=36%2C241&lumis=1%2C107&lumis=1%2C34&lumis=1%2C21&lumis=50%2C147
INFO 2017-11-07 15:03:22,993: 	 The server answered with an error.
INFO 2017-11-07 15:03:22,994: 	 Server answered with: Invalid input parameter
INFO 2017-11-07 15:03:22,994: 	 Reason is: Incorrect 'Data.inputDataset' parameter
INFO 2017-11-07 15:03:22,994: 	 Error Id: af63646ba715ab926b2ed5b65af9964a
DEBUG 2017-11-07 15:03:22,994: 	 ERROR: Bad Request (400):  '<!DOCTYPE html PUBLIC
"-//W3C//DTD XHTML 1.0 Transitional//EN"
"http://www.w3.org/TR/xhtml1/DTD/xhtml1-transitional.dtd">
<html>
<head>
    <meta http-equiv="Content-Type" content="text/html; charset=utf-8"></meta>
    <title>400 Bad Request</title>
    <style type="text/css">
    #powered_by {
        margin-top: 20px;
        border-top: 2px solid black;
        font-style: italic;
    }

    #traceback {
        color: red;
    }
    </style>
</head>
    <body>
        <h2>400 Bad Request</h2>
        <p>Invalid input parameter</p>
        <pre id="traceback"></pre>
    <div id="powered_by">
      <span>
        Powered by <a href="http://www.cherrypy.org">CherryPy unknown</a>
      </span>
    </div>
    </body>
</html>
'
DEBUG 2017-11-07 15:03:22,998: 	 Command failed with URI: https://cmsweb.cern.ch/crabserver/prod/workflow
DEBUG 2017-11-07 15:03:22,998: 	      Input data: maxjobruntime=1250&ignorelocality=0&savelogsflag=0&useparent=0&asyncdest=T2_CH_CERN&algoargs=100&cachefilename=7de17f4154402449be38f4d6d57e550cb6a28acdc9e519f75a6b896758339754.tar.gz&numcores=1&generator=pythia&maxmemory=2000&publishdbsurl=https%3A%2F%2Fcmsweb.cern.ch%2Fdbs%2Fprod%2Fphys03%2FDBSWriter&priority=10&jobsw=CMSSW_9_2_1&primarydataset=&inputdata=%2FScoutingCaloMuon%2FRun2017C-v1%2FRAW%2F&dryrun=0&workflow=crab_20171107_150252&cacheurl=https%3A%2F%2Fcmsweb.cern.ch%2Fcrabcache&nonprodsw=0&oneEventMode=0&debugfilename=bc63759a0afb3f580f16d1f638deaaf9e45f506074b7c57445ef9ed8dacd3ace.tar.gz&saveoutput=1&publication=1&jobarch=slc6_amd64_gcc530&totalunits=0&splitalgo=LumiBased&ignoreglobalblacklist=0&nonvaliddata=0&dbsurl=https%3A%2F%2Fcmsweb.cern.ch%2Fdbs%2Fprod%2Fglobal%2FDBSReader&publishgroupname=0&jobtype=Analysis&publishname2=&tfileoutfiles=scout.root&runs=297050&runs=297056&runs=297057&runs=297099&runs=297100&runs=297101&runs=297113&runs=297114&runs=297175&runs=297176&runs=297178&runs=297215&runs=297218&runs=297219&runs=297224&runs=297225&runs=297227&runs=297292&runs=297293&runs=297296&runs=297308&runs=297359&runs=297411&runs=297424&runs=297425&runs=297426&runs=297429&runs=297430&runs=297431&runs=297432&runs=297433&runs=297434&runs=297435&runs=297467&runs=297468&runs=297469&runs=297474&runs=297483&runs=297484&runs=297485&runs=297486&runs=297487&runs=297488&runs=297503&runs=297504&runs=297505&runs=297557&runs=297558&runs=297562&runs=297563&runs=297599&runs=297603&runs=297604&runs=297605&runs=297606&runs=297620&runs=297656&runs=297665&runs=297666&runs=297670&runs=297674&runs=297675&runs=297678&runs=297722&runs=297723&runs=298996&runs=298997&runs=299000&runs=299042&runs=299061&runs=299062&runs=299064&runs=299065&runs=299067&runs=299096&runs=299149&runs=299178&runs=299180&runs=299184&runs=299185&runs=299327&runs=299329&runs=299368&runs=299369&runs=299370&runs=299380&runs=299381&runs=299394&runs=299395&runs=299396&runs=299420&runs=299443&runs=299450&runs=299477&runs=299478&runs=299479&runs=299480&runs=299481&runs=299592&runs=299593&runs=299594&runs=299595&runs=299597&runs=299649&runs=300087&runs=300105&runs=300106&runs=300107&runs=300117&runs=300122&runs=300123&runs=300155&runs=300156&runs=300157&runs=300226&runs=300233&runs=300234&runs=300235&runs=300236&runs=300237&runs=300238&runs=300239&runs=300240&runs=300280&runs=300281&runs=300282&runs=300283&runs=300284&runs=300364&runs=300365&runs=300366&runs=300367&runs=300368&runs=300369&runs=300370&runs=300371&runs=300372&runs=300373&runs=300374&runs=300375&runs=300389&runs=300390&runs=300391&runs=300392&runs=300393&runs=300394&runs=300395&runs=300396&runs=300397&runs=300398&runs=300399&runs=300400&runs=300401&runs=300459&runs=300461&runs=300462&runs=300463&runs=300464&runs=300466&runs=300467&runs=300497&runs=300514&runs=300515&runs=300516&runs=300517&runs=300558&runs=300560&runs=300574&runs=300575&runs=300576&runs=300631&runs=300632&runs=300633&runs=300635&runs=300636&runs=300674&runs=300675&runs=300676&runs=300742&runs=300777&runs=300780&runs=300785&runs=300806&runs=300811&runs=300812&runs=300816&runs=300817&runs=301046&runs=301086&runs=301142&runs=301161&runs=301165&runs=301179&runs=301180&runs=301183&runs=301281&runs=301283&runs=301298&runs=301323&runs=301330&runs=301359&runs=301383&runs=301384&runs=301391&runs=301392&runs=301393&runs=301396&runs=301397&runs=301398&runs=301399&runs=301417&runs=301447&runs=301448&runs=301449&runs=301450&runs=301461&runs=301472&runs=301475&runs=301476&runs=301480&runs=301519&runs=301524&runs=301525&runs=301528&runs=301529&runs=301530&runs=301531&runs=301532&runs=301567&runs=301627&runs=301664&runs=301665&runs=301694&runs=301912&runs=301913&runs=301914&runs=301941&runs=301959&runs=301960&runs=301970&runs=301984&runs=301985&runs=301986&runs=301987&runs=301997&runs=301998&runs=302019&runs=302026&runs=302029&runs=302031&runs=302033&runs=302034&runs=302036&runs=302037&runs=302038&runs=302040&runs=302041&runs=302042&runs=302043&runs=302131&runs=302159&runs=302163&runs=302165&runs=302166&runs=302225&runs=302228&runs=302229&runs=302240&runs=302262&runs=302263&runs=302277&runs=302279&runs=302280&runs=302322&runs=302328&runs=302337&runs=302342&runs=302343&runs=302344&runs=302350&runs=302388&runs=302392&runs=302393&runs=302448&runs=302472&runs=302473&runs=302474&runs=302475&runs=302476&runs=302479&runs=302484&runs=302485&runs=302492&runs=302493&runs=302494&runs=302509&runs=302513&runs=302522&runs=302523&runs=302525&runs=302526&runs=302548&runs=302551&runs=302553&runs=302554&runs=302555&runs=302563&runs=302565&runs=302566&runs=302572&runs=302573&runs=302596&runs=302597&runs=302634&runs=302635&runs=302651&runs=302654&runs=302661&runs=302663&runs=303824&runs=303825&runs=303832&runs=303838&runs=303885&runs=303948&runs=303998&runs=303999&runs=304000&runs=304062&runs=304120&runs=304125&runs=304144&runs=304158&runs=304169&runs=304170&runs=304199&runs=304200&runs=304204&runs=304209&runs=304291&runs=304292&runs=304333&runs=304354&runs=304366&runs=304446&runs=304447&runs=304451&runs=304505&runs=304506&runs=304507&runs=304508&runs=304562&runs=304616&runs=304625&runs=304626&runs=304654&runs=304655&runs=304661&runs=304662&runs=304663&runs=304671&runs=304672&runs=304737&runs=304738&runs=304739&runs=304740&runs=304776&runs=304777&runs=304778&runs=304797&runs=305044&runs=305045&runs=305046&runs=305059&runs=305062&runs=305063&runs=305064&runs=305081&runs=305112&runs=305113&runs=305114&runs=305178&runs=305179&runs=305180&runs=305181&runs=305182&runs=305183&runs=305184&runs=305185&runs=305186&runs=305188&runs=305202&runs=305204&runs=305207&runs=305208&runs=305234&runs=305236&runs=305237&runs=305247&runs=305248&runs=305252&runs=305282&runs=305310&runs=305311&runs=305312&runs=305313&runs=305314&runs=305336&runs=305338&runs=305349&runs=305350&runs=305364&lumis=1%2C776&lumis=12%2C203&lumis=1%2C906&lumis=40%2C62&lumis=1%2C381&lumis=1%2C1101&lumis=1%2C15%2C27%2C204%2C210%2C252&lumis=1%2C100%2C106%2C161&lumis=1%2C85&lumis=1%2C214&lumis=1%2C1385&lumis=1%2C47&lumis=1%2C27&lumis=1%2C2638&lumis=1%2C138&lumis=1%2C32&lumis=1%2C192&lumis=1%2C753&lumis=1%2C150&lumis=1%2C497&lumis=8%2C44&lumis=51%2C180&lumis=32%2C950&lumis=32%2C149&lumis=1%2C157&lumis=1%2C111&lumis=1%2C72&lumis=1%2C200&lumis=1%2C188&lumis=1%2C125&lumis=1%2C159&lumis=1%2C161&lumis=1%2C94&lumis=27%2C138&lumis=1%2C74&lumis=1%2C70&lumis=54%2C59&lumis=37%2C214&lumis=1%2C214&lumis=1%2C420&lumis=1%2C625&lumis=1%2C613&lumis=1%2C424&lumis=1%2C779&lumis=1%2C42%2C124%2C136&lumis=1%2C394&lumis=8%2C394&lumis=1%2C266&lumis=1%2C369&lumis=1%2C264&lumis=1%2C407&lumis=1%2C420&lumis=1%2C407&lumis=1%2C407&lumis=1%2C231&lumis=32%2C318&lumis=36%2C433&lumis=1%2C279&lumis=1%2C121&lumis=1%2C34&lumis=1%2C188&lumis=1%2C467%2C470%2C471&lumis=1%2C1&lumis=29%2C353&lumis=1%2C222&lumis=33%2C216&lumis=1%2C47&lumis=1%2C77&lumis=33%2C55&lumis=38%2C355&lumis=1%2C303&lumis=1%2C85&lumis=1%2C248%2C251%2C342&lumis=1%2C459&lumis=1%2C97&lumis=29%2C470&lumis=37%2C56%2C58%2C111&lumis=1%2C98&lumis=1%2C561&lumis=1%2C120&lumis=1%2C72&lumis=1%2C172&lumis=37%2C175&lumis=1%2C303&lumis=1%2C705&lumis=32%2C227&lumis=1%2C45&lumis=1%2C33&lumis=1%2C187&lumis=1%2C81&lumis=1%2C50&lumis=43%2C164&lumis=39%2C88&lumis=34%2C42%2C82%2C87&lumis=1%2C175&lumis=1%2C123&lumis=1%2C715&lumis=1%2C479%2C487%2C940%2C943%2C1037%2C1061%2C1257&lumis=33%2C136&lumis=1%2C177%2C179%2C896&lumis=1%2C317&lumis=1%2C134%2C138%2C138&lumis=1%2C540&lumis=38%2C332&lumis=36%2C239&lumis=1%2C21&lumis=1%2C74&lumis=1%2C47&lumis=35%2C67&lumis=44%2C730%2C735%2C924%2C927%2C1295&lumis=1%2C384%2C387%2C612&lumis=35%2C1229&lumis=1%2C72&lumis=1%2C1107&lumis=43%2C448&lumis=43%2C162&lumis=1%2C59&lumis=1%2C187&lumis=1%2C187&lumis=1%2C713%2C716%2C717&lumis=1%2C58%2C62%2C329&lumis=1%2C145%2C148%2C167%2C171%2C213&lumis=1%2C7%2C11%2C362&lumis=52%2C56%2C61%2C69%2C73%2C150%2C155%2C165%2C178%2C198%2C207%2C222%2C226%2C251%2C255%2C268%2C275%2C345%2C349%2C370%2C381%2C548%2C553%2C607%2C617%2C639%2C663%2C691&lumis=3%2C8&lumis=1%2C9%2C13%2C59%2C73%2C92%2C97%2C114%2C142%2C151%2C156%2C186&lumis=1%2C34&lumis=1%2C22%2C38%2C47%2C50%2C82%2C90%2C98%2C108%2C130%2C133%2C152%2C156%2C250%2C260%2C414%2C420%2C561%2C568%2C585%2C590%2C680%2C691%2C751&lumis=24%2C46&lumis=1%2C20&lumis=1%2C21&lumis=1%2C20&lumis=1%2C20&lumis=1%2C20&lumis=1%2C20&lumis=1%2C20&lumis=1%2C8&lumis=1%2C21&lumis=1%2C21&lumis=1%2C93&lumis=1%2C1%2C4%2C5%2C8%2C8%2C11%2C20%2C23%2C39%2C60%2C149&lumis=1%2C21&lumis=1%2C21&lumis=1%2C21&lumis=1%2C20&lumis=1%2C21&lumis=1%2C20&lumis=1%2C20&lumis=1%2C20&lumis=1%2C20&lumis=1%2C20&lumis=1%2C677&lumis=1%2C673&lumis=40%2C332&lumis=1%2C98&lumis=1%2C97&lumis=1%2C124&lumis=1%2C265&lumis=1%2C650&lumis=1%2C563&lumis=26%2C175&lumis=38%2C150&lumis=1%2C1013&lumis=1%2C111&lumis=1%2C623&lumis=1%2C548&lumis=1%2C844&lumis=14%2C111&lumis=1%2C82&lumis=1%2C1206&lumis=41%2C49%2C63%2C66%2C75%2C226&lumis=1%2C21&lumis=1%2C447&lumis=1%2C176&lumis=1%2C1572&lumis=1%2C33&lumis=1%2C33&lumis=1%2C26&lumis=42%2C343&lumis=21%2C509&lumis=1%2C341&lumis=1%2C750%2C752%2C1272&lumis=33%2C214&lumis=1%2C508&lumis=1%2C59&lumis=1%2C161&lumis=1%2C493&lumis=153%2C223&lumis=33%2C82%2C314%2C331&lumis=1%2C897&lumis=35%2C805&lumis=1%2C145&lumis=35%2C59&lumis=1%2C97&lumis=1%2C10%2C13%2C303&lumis=38%2C157&lumis=1%2C886&lumis=30%2C949&lumis=35%2C990&lumis=22%2C353&lumis=33%2C319&lumis=30%2C36&lumis=1%2C476&lumis=38%2C214&lumis=1%2C627&lumis=1%2C33&lumis=1%2C33&lumis=1%2C728&lumis=1%2C9&lumis=1%2C108&lumis=36%2C367&lumis=86%2C96%2C99%2C512&lumis=1%2C329&lumis=1%2C404&lumis=1%2C173&lumis=28%2C581&lumis=35%2C844&lumis=1%2C18&lumis=1%2C857&lumis=1%2C166&lumis=42%2C250&lumis=1%2C268&lumis=1%2C59&lumis=1%2C20&lumis=1%2C49&lumis=1%2C110&lumis=1%2C394&lumis=1%2C611&lumis=14%2C372&lumis=57%2C943&lumis=28%2C445&lumis=1%2C294%2C319%2C487&lumis=36%2C102&lumis=42%2C52%2C101%2C422&lumis=1%2C58&lumis=1%2C350&lumis=31%2C568&lumis=30%2C1938&lumis=1%2C147&lumis=1%2C123&lumis=17%2C317&lumis=1%2C367&lumis=1%2C381&lumis=1%2C1128&lumis=37%2C407&lumis=1%2C1704&lumis=34%2C86&lumis=24%2C53%2C66%2C72&lumis=1%2C98&lumis=1%2C818&lumis=1%2C46&lumis=1%2C20&lumis=1%2C34&lumis=1%2C20&lumis=1%2C10&lumis=1%2C174&lumis=1%2C72&lumis=1%2C523&lumis=1%2C228&lumis=71%2C943&lumis=33%2C140&lumis=32%2C1230&lumis=1%2C85&lumis=1%2C16&lumis=48%2C133%2C136%2C923&lumis=53%2C78%2C81%2C293&lumis=1%2C457&lumis=1%2C960&lumis=37%2C471&lumis=1%2C1250&lumis=15%2C391&lumis=1%2C71&lumis=1%2C152&lumis=33%2C870&lumis=42%2C722&lumis=27%2C162&lumis=1%2C72&lumis=1%2C98&lumis=1%2C522&lumis=1%2C136&lumis=27%2C717&lumis=45%2C407&lumis=1%2C887&lumis=21%2C1926&lumis=28%2C808&lumis=1%2C406&lumis=1%2C305&lumis=1%2C7&lumis=1%2C259&lumis=30%2C340&lumis=8%2C176&lumis=1%2C922&lumis=1%2C21%2C23%2C59&lumis=1%2C7&lumis=1%2C618&lumis=73%2C92&lumis=37%2C89&lumis=29%2C46&lumis=1%2C59&lumis=1%2C677%2C747%2C778&lumis=1%2C582&lumis=40%2C124&lumis=1%2C7&lumis=1%2C188&lumis=1%2C7&lumis=1%2C11&lumis=40%2C46&lumis=1%2C7&lumis=1%2C71&lumis=1%2C291&lumis=1%2C1285&lumis=47%2C986&lumis=1%2C1054&lumis=37%2C73%2C75%2C123%2C125%2C131%2C133%2C165%2C168%2C175%2C177%2C216%2C218%2C358%2C361%2C375%2C378%2C404%2C407%2C423%2C425%2C503%2C505%2C578%2C581%2C594%2C596%2C638&lumis=1%2C22%2C24%2C28%2C30%2C39%2C41%2C53%2C55%2C132%2C134%2C144%2C146%2C265%2C267%2C271%2C274%2C344%2C347%2C357%2C359%2C375%2C378%2C384%2C386%2C414%2C416%2C494%2C497%2C608%2C611%2C634%2C637%2C684%2C687%2C706%2C708%2C724%2C726%2C901%2C904%2C954%2C957%2C982%2C984%2C1072%2C1075%2C1124%2C1126%2C1129%2C1132%2C1206%2C1209%2C1234%2C1236%2C1291&lumis=1%2C149&lumis=1%2C317&lumis=1%2C72&lumis=1%2C706&lumis=54%2C172%2C401%2C768&lumis=1%2C180&lumis=54%2C1913&lumis=54%2C54%2C83%2C2044&lumis=60%2C2052&lumis=55%2C130%2C133%2C176%2C178%2C282%2C285%2C318%2C321%2C388%2C391%2C456%2C459%2C462%2C466%2C558%2C561%2C561%2C563%2C564%2C569%2C1678&lumis=58%2C319&lumis=1%2C751&lumis=1%2C56&lumis=54%2C2014&lumis=1%2C253&lumis=1%2C1769&lumis=86%2C1501%2C1522%2C1542%2C1544%2C1551%2C1553%2C2596%2C2598%2C2656&lumis=165%2C1750%2C1752%2C2087&lumis=50%2C1733&lumis=1%2C620&lumis=10%2C18&lumis=1%2C321&lumis=55%2C607&lumis=52%2C477&lumis=56%2C85&lumis=1%2C363%2C382%2C525%2C528%2C1779%2C1781%2C1811&lumis=74%2C1653&lumis=82%2C295&lumis=44%2C1387%2C1390%2C1396%2C1399%2C1402%2C1404%2C1407%2C1409%2C1412%2C1414%2C1416%2C1419%2C1421%2C1424%2C1873&lumis=40%2C111&lumis=1%2C1644&lumis=1%2C60&lumis=60%2C86&lumis=1%2C370&lumis=1%2C239&lumis=1%2C1324&lumis=52%2C56%2C60%2C848&lumis=52%2C223%2C227%2C740%2C747%2C1002&lumis=73%2C536&lumis=1%2C8&lumis=53%2C704&lumis=1%2C1194&lumis=53%2C240&lumis=1%2C150&lumis=1%2C689&lumis=51%2C1193&lumis=1%2C60&lumis=69%2C149&lumis=1%2C1681&lumis=3%2C16&lumis=1%2C278&lumis=49%2C98&lumis=1%2C510&lumis=4%2C1300&lumis=28%2C1202%2C1205%2C2950&lumis=3%2C203%2C302%2C306%2C309%2C310%2C313%2C313%2C318%2C330&lumis=1%2C873&lumis=1%2C667%2C671%2C686&lumis=63%2C518%2C520%2C575&lumis=1%2C8&lumis=1%2C35&lumis=1%2C2045&lumis=52%2C1107&lumis=68%2C1527&lumis=9%2C72&lumis=1%2C526&lumis=69%2C124&lumis=1%2C21&lumis=1%2C9&lumis=1%2C8&lumis=1%2C8&lumis=1%2C266&lumis=1%2C8&lumis=1%2C8&lumis=1%2C422&lumis=1%2C1002&lumis=74%2C132%2C136%2C729&lumis=1%2C1229&lumis=52%2C1077&lumis=1%2C372&lumis=52%2C99&lumis=1%2C23&lumis=1%2C1147&lumis=57%2C433&lumis=1%2C957&lumis=1%2C548&lumis=75%2C207&lumis=60%2C458&lumis=1%2C153&lumis=1%2C227&lumis=1%2C741&lumis=1%2C404&lumis=36%2C241&lumis=1%2C107&lumis=1%2C34&lumis=1%2C21&lumis=50%2C147
DEBUG 2017-11-07 15:03:22,999: 	      Request headers: {'Content-Length': '734', 'X-Error-Http': '400', 'X-Rest-Time': '315104.008 us', 'Server': 'CherryPy/unknown', 'Connection': 'close', 'X-Error-Detail': 'Invalid input parameter', 'CMS-Server-Time': 'D=341919 t=1510063402647721', 'X-Rest-Status': '302', 'Date': 'Tue, 07 Nov 2017 14:03:22 GMT', 'Content-Type': 'text/html;charset=utf-8', 'X-Error-Info': "Incorrect 'inputdata' parameter", 'X-Error-Id': 'af63646ba715ab926b2ed5b65af9964a'}
ERROR 2017-11-07 15:03:22,999: 	 Caught exception
Traceback (most recent call last):
  File "/cvmfs/cms.cern.ch/crab3/slc6_amd64_gcc493/cms/crabclient/3.3.1707.patch1/bin/crab", line 160, in <module>
    client()
  File "/cvmfs/cms.cern.ch/crab3/slc6_amd64_gcc493/cms/crabclient/3.3.1707.patch1/bin/crab", line 148, in __call__
    self.cmd()
  File "/cvmfs/cms.cern.ch/crab3/slc6_amd64_gcc493/cms/crabclient/3.3.1707.patch1/lib/python2.7/site-packages/CRABClient/Commands/submit.py", line 124, in __call__
    dictresult, status, reason = server.put(self.uri, data = self.configreq_encoded)
  File "/cvmfs/cms.cern.ch/crab3/slc6_amd64_gcc493/cms/crabclient/3.3.1707.patch1/lib/python2.7/site-packages/RESTInteractions.py", line 91, in put
    return self.makeRequest(uri = uri, data = data, verb = 'PUT')
  File "/cvmfs/cms.cern.ch/crab3/slc6_amd64_gcc493/cms/crabclient/3.3.1707.patch1/lib/python2.7/site-packages/RESTInteractions.py", line 128, in makeRequest
    capath=caCertPath)#, verbose=True)# for debug
  File "/cvmfs/cms.cern.ch/crab3/slc6_amd64_gcc493/cms/crabclient/3.3.1707.patch1/lib/python2.7/site-packages/WMCore/Services/pycurl_manager.py", line 207, in request
    raise exc
HTTPException: url=https://cmsweb.cern.ch/crabserver/prod/workflow, code=400, reason=Bad Request, headers={'Content-Length': '734', 'X-Error-Http': '400', 'X-Rest-Time': '315104.008 us', 'Server': 'CherryPy/unknown', 'Connection': 'close', 'X-Error-Detail': 'Invalid input parameter', 'CMS-Server-Time': 'D=341919 t=1510063402647721', 'X-Rest-Status': '302', 'Date': 'Tue, 07 Nov 2017 14:03:22 GMT', 'Content-Type': 'text/html;charset=utf-8', 'X-Error-Info': "Incorrect 'inputdata' parameter", 'X-Error-Id': 'af63646ba715ab926b2ed5b65af9964a'}
INFO 2017-11-07 15:03:23,034: 	 Log file is /afs/cern.ch/work/j/jsalfeld/MIT/CMSSW_9_2_1/src/ScoutingAnalysis/DimuonAnalysis/crab/ScoutingRunC/crab_20171107_150252/crab.log
